[+] Containers:
 |- [+] Container: /Game/ThirdPerson/Maps/ThirdPersonMap
 |   |- [+] ActorDescs:
 |   |   |- Guid:00652BBD4D52A5763F3C7DB899D6A4BE NativeClass:/Script/Landscape.LandscapeStreamingProxy Name:LandscapeStreamingProxy_1TYSB2WJWX7FYS9ENBFJY6WLD_126_2_3_0 Label:LandscapeStreamingProxy_2_3_0 SpatiallyLoaded:true EditorBounds:IsValid=true, Min=(X=0.000 Y=12600.000 Z=-100.000), Max=(X=12600.000 Y=25200.000 Z=100.000) RuntimeBounds:IsValid=true, Min=(X=0.000 Y=12600.000 Z=-100.000), Max=(X=12600.000 Y=25200.000 Z=100.000) RuntimeGrid:None EditorOnly:false RuntimeOnly:false HLODRelevant:true ListedInSceneOutliner:true IsMainWorldOnly:false
 |   |   |- Guid:0F0C59104CE96860825E7CADD7471C4C NativeClass:/Script/Landscape.LandscapeStreamingProxy Name:LandscapeStreamingProxy_1TYSB2WJWX7FYS9ENBFJY6WLD_126_1_3_0 Label:LandscapeStreamingProxy_1_3_0 SpatiallyLoaded:true EditorBounds:IsValid=true, Min=(X=-12600.000 Y=12600.000 Z=-100.000), Max=(X=0.000 Y=25200.000 Z=100.000) RuntimeBounds:IsValid=true, Min=(X=-12600.000 Y=12600.000 Z=-100.000), Max=(X=0.000 Y=25200.000 Z=100.000) RuntimeGrid:None EditorOnly:false RuntimeOnly:false HLODRelevant:true ListedInSceneOutliner:true IsMainWorldOnly:false
 |   |   |- Guid:2517318F4F86DFE668F20987418779A1 NativeClass:/Script/Landscape.LandscapeStreamingProxy Name:LandscapeStreamingProxy_1TYSB2WJWX7FYS9ENBFJY6WLD_126_0_1_0 Label:LandscapeStreamingProxy_0_1_0 SpatiallyLoaded:true EditorBounds:IsValid=true, Min=(X=-25200.000 Y=-12600.000 Z=-100.000), Max=(X=-12600.000 Y=0.000 Z=100.000) RuntimeBounds:IsValid=true, Min=(X=-25200.000 Y=-12600.000 Z=-100.000), Max=(X=-12600.000 Y=0.000 Z=100.000) RuntimeGrid:None EditorOnly:false RuntimeOnly:false HLODRelevant:true ListedInSceneOutliner:true IsMainWorldOnly:false
 |   |   |- Guid:2FB58999456391D349DC0F86DAC136ED NativeClass:/Script/Engine.SkyLight Name:SkyLight_1 Label:SkyLight SpatiallyLoaded:false EditorBounds:IsValid=true, Min=(X=0.000 Y=0.000 Z=690.000), Max=(X=0.000 Y=0.000 Z=690.000) RuntimeBounds:IsValid=true, Min=(X=0.000 Y=0.000 Z=690.000), Max=(X=0.000 Y=0.000 Z=690.000) RuntimeGrid:None EditorOnly:false RuntimeOnly:false HLODRelevant:false ListedInSceneOutliner:true IsMainWorldOnly:false FolderPath:Lighting FolderGuid:963EC3EB4002CCE9759E2EBA541A873A
 |   |   |- Guid:316CF2A6494ACA4C0E4180A87D36AB8F NativeClass:/Script/Engine.ExponentialHeightFog Name:ExponentialHeightFog_0 Label:ExponentialHeightFog SpatiallyLoaded:false EditorBounds:IsValid=true, Min=(X=-5600.000 Y=-50.000 Z=-6850.000), Max=(X=-5600.000 Y=-50.000 Z=-6850.000) RuntimeBounds:IsValid=true, Min=(X=-5600.000 Y=-50.000 Z=-6850.000), Max=(X=-5600.000 Y=-50.000 Z=-6850.000) RuntimeGrid:None EditorOnly:false RuntimeOnly:false HLODRelevant:false ListedInSceneOutliner:true IsMainWorldOnly:false FolderPath:Lighting FolderGuid:963EC3EB4002CCE9759E2EBA541A873A
 |   |   |- Guid:3A00AA1C422CE54C0BDB60BAF471BFBB NativeClass:/Script/Engine.PlayerStart Name:PlayerStart_0 Label:PlayerStart SpatiallyLoaded:false EditorBounds:IsValid=true, Min=(X=860.000 Y=1070.000 Z=0.013), Max=(X=940.000 Y=1150.000 Z=184.013) RuntimeBounds:IsValid=true, Min=(X=860.000 Y=1070.000 Z=0.013), Max=(X=940.000 Y=1150.000 Z=184.013) RuntimeGrid:None EditorOnly:false RuntimeOnly:false HLODRelevant:false ListedInSceneOutliner:true IsMainWorldOnly:false
 |   |   |- Guid:3F47F6534363C1AE95B71A8A11EDE987 NativeClass:/Script/Landscape.Landscape Name:Landscape_UAID_0250B15579CB676B02_1457304615 Label:Landscape SpatiallyLoaded:false EditorBounds:IsValid=true, Min=(X=-25200.000 Y=-25200.000 Z=0.000), Max=(X=-25200.000 Y=-25200.000 Z=0.000) RuntimeBounds:IsValid=true, Min=(X=-25200.000 Y=-25200.000 Z=0.000), Max=(X=-25200.000 Y=-25200.000 Z=0.000) RuntimeGrid:None EditorOnly:false RuntimeOnly:false HLODRelevant:false ListedInSceneOutliner:true IsMainWorldOnly:false
 |   |   |- Guid:4D2E88924B8A7015B01D42A15DCA62CD NativeClass:/Script/Landscape.LandscapeStreamingProxy Name:LandscapeStreamingProxy_1TYSB2WJWX7FYS9ENBFJY6WLD_126_2_2_0 Label:LandscapeStreamingProxy_2_2_0 SpatiallyLoaded:true EditorBounds:IsValid=true, Min=(X=0.000 Y=0.000 Z=-100.000), Max=(X=12600.000 Y=12600.000 Z=100.000) RuntimeBounds:IsValid=true, Min=(X=0.000 Y=0.000 Z=-100.000), Max=(X=12600.000 Y=12600.000 Z=100.000) RuntimeGrid:None EditorOnly:false RuntimeOnly:false HLODRelevant:true ListedInSceneOutliner:true IsMainWorldOnly:false
 |   |   |- Guid:4D3BE93F4146AAAC8BBE79999D96D57F NativeClass:/Script/Engine.VolumetricCloud Name:VolumetricCloud_0 Label:VolumetricCloud SpatiallyLoaded:false EditorBounds:IsValid=true, Min=(X=0.000 Y=0.000 Z=820.000), Max=(X=0.000 Y=0.000 Z=820.000) RuntimeBounds:IsValid=true, Min=(X=0.000 Y=0.000 Z=820.000), Max=(X=0.000 Y=0.000 Z=820.000) RuntimeGrid:None EditorOnly:false RuntimeOnly:false HLODRelevant:false ListedInSceneOutliner:true IsMainWorldOnly:false FolderPath:Lighting FolderGuid:963EC3EB4002CCE9759E2EBA541A873A
 |   |   |- Guid:649F502741BD9F8C86D22C91BDACB21D NativeClass:/Script/Landscape.LandscapeStreamingProxy Name:LandscapeStreamingProxy_1TYSB2WJWX7FYS9ENBFJY6WLD_126_1_1_0 Label:LandscapeStreamingProxy_1_1_0 SpatiallyLoaded:true EditorBounds:IsValid=true, Min=(X=-12600.000 Y=-12600.000 Z=-100.000), Max=(X=0.000 Y=0.000 Z=100.000) RuntimeBounds:IsValid=true, Min=(X=-12600.000 Y=-12600.000 Z=-100.000), Max=(X=0.000 Y=0.000 Z=100.000) RuntimeGrid:None EditorOnly:false RuntimeOnly:false HLODRelevant:true ListedInSceneOutliner:true IsMainWorldOnly:false
 |   |   |- Guid:6BAF4DDD444C60371492D3919DB42C97 NativeClass:/Script/Engine.WorldDataLayers Name:WorldDataLayers Label:WorldDataLayers SpatiallyLoaded:false EditorBounds:IsValid=true, Min=(X=0.000 Y=0.000 Z=0.000), Max=(X=0.000 Y=0.000 Z=0.000) RuntimeBounds:IsValid=true, Min=(X=0.000 Y=0.000 Z=0.000), Max=(X=0.000 Y=0.000 Z=0.000) RuntimeGrid:None EditorOnly:false RuntimeOnly:false HLODRelevant:false ListedInSceneOutliner:true IsMainWorldOnly:true
 |   |   |- Guid:8BC70A2B46B81D09520BFB8D5FD40931 NativeClass:/Script/Landscape.LandscapeStreamingProxy Name:LandscapeStreamingProxy_1TYSB2WJWX7FYS9ENBFJY6WLD_126_1_2_0 Label:LandscapeStreamingProxy_1_2_0 SpatiallyLoaded:true EditorBounds:IsValid=true, Min=(X=-12600.000 Y=0.000 Z=-100.000), Max=(X=0.000 Y=12600.000 Z=100.000) RuntimeBounds:IsValid=true, Min=(X=-12600.000 Y=0.000 Z=-100.000), Max=(X=0.000 Y=12600.000 Z=100.000) RuntimeGrid:None EditorOnly:false RuntimeOnly:false HLODRelevant:true ListedInSceneOutliner:true IsMainWorldOnly:false
 |   |   |- Guid:8C8661B74449BE8BD4F6F7BF95BF5668 NativeClass:/Script/Landscape.LandscapeStreamingProxy Name:LandscapeStreamingProxy_1TYSB2WJWX7FYS9ENBFJY6WLD_126_3_1_0 Label:LandscapeStreamingProxy_3_1_0 SpatiallyLoaded:true EditorBounds:IsValid=true, Min=(X=12600.000 Y=-12600.000 Z=-100.000), Max=(X=25200.000 Y=0.000 Z=100.000) RuntimeBounds:IsValid=true, Min=(X=12600.000 Y=-12600.000 Z=-100.000), Max=(X=25200.000 Y=0.000 Z=100.000) RuntimeGrid:None EditorOnly:false RuntimeOnly:false HLODRelevant:true ListedInSceneOutliner:true IsMainWorldOnly:false
 |   |   |- Guid:928CDD0B4D9F94EF27FBD4AAF7D8E1F6 NativeClass:/Script/Landscape.LandscapeStreamingProxy Name:LandscapeStreamingProxy_1TYSB2WJWX7FYS9ENBFJY6WLD_126_1_0_0 Label:LandscapeStreamingProxy_1_0_0 SpatiallyLoaded:true EditorBounds:IsValid=true, Min=(X=-12600.000 Y=-25200.000 Z=-100.000), Max=(X=0.000 Y=-12600.000 Z=100.000) RuntimeBounds:IsValid=true, Min=(X=-12600.000 Y=-25200.000 Z=-100.000), Max=(X=0.000 Y=-12600.000 Z=100.000) RuntimeGrid:None EditorOnly:false RuntimeOnly:false HLODRelevant:true ListedInSceneOutliner:true IsMainWorldOnly:false
 |   |   |- Guid:9D8C04F143D812BF9CAB6EA32F1CD02A NativeClass:/Script/Landscape.LandscapeStreamingProxy Name:LandscapeStreamingProxy_1TYSB2WJWX7FYS9ENBFJY6WLD_126_0_0_0 Label:LandscapeStreamingProxy_0_0_0 SpatiallyLoaded:true EditorBounds:IsValid=true, Min=(X=-25200.000 Y=-25200.000 Z=-100.000), Max=(X=-12600.000 Y=-12600.000 Z=100.000) RuntimeBounds:IsValid=true, Min=(X=-25200.000 Y=-25200.000 Z=-100.000), Max=(X=-12600.000 Y=-12600.000 Z=100.000) RuntimeGrid:None EditorOnly:false RuntimeOnly:false HLODRelevant:true ListedInSceneOutliner:true IsMainWorldOnly:false
 |   |   |- Guid:B3A402644B94B44A2C1C66ABFB8B0505 NativeClass:/Script/Landscape.LandscapeStreamingProxy Name:LandscapeStreamingProxy_1TYSB2WJWX7FYS9ENBFJY6WLD_126_0_2_0 Label:LandscapeStreamingProxy_0_2_0 SpatiallyLoaded:true EditorBounds:IsValid=true, Min=(X=-25200.000 Y=0.000 Z=-100.000), Max=(X=-12600.000 Y=12600.000 Z=100.000) RuntimeBounds:IsValid=true, Min=(X=-25200.000 Y=0.000 Z=-100.000), Max=(X=-12600.000 Y=12600.000 Z=100.000) RuntimeGrid:None EditorOnly:false RuntimeOnly:false HLODRelevant:true ListedInSceneOutliner:true IsMainWorldOnly:false
 |   |   |- Guid:B785ED2844B84CFB91E7F39FE661CD99 NativeClass:/Script/Engine.DirectionalLight Name:DirectionalLight_0 Label:DirectionalLight SpatiallyLoaded:false EditorBounds:IsValid=true, Min=(X=-1048576.000 Y=-1048576.000 Z=-1048576.000), Max=(X=1048576.000 Y=1048576.000 Z=1048576.000) RuntimeBounds:IsValid=true, Min=(X=-1048576.000 Y=-1048576.000 Z=-1048576.000), Max=(X=1048576.000 Y=1048576.000 Z=1048576.000) RuntimeGrid:None EditorOnly:false RuntimeOnly:false HLODRelevant:false ListedInSceneOutliner:true IsMainWorldOnly:false FolderPath:Lighting FolderGuid:963EC3EB4002CCE9759E2EBA541A873A
 |   |   |- Guid:BF7BFDC54499442DF689969F124D086C NativeClass:/Script/Landscape.LandscapeStreamingProxy Name:LandscapeStreamingProxy_1TYSB2WJWX7FYS9ENBFJY6WLD_126_3_2_0 Label:LandscapeStreamingProxy_3_2_0 SpatiallyLoaded:true EditorBounds:IsValid=true, Min=(X=12600.000 Y=0.000 Z=-100.000), Max=(X=25200.000 Y=12600.000 Z=100.000) RuntimeBounds:IsValid=true, Min=(X=12600.000 Y=0.000 Z=-100.000), Max=(X=25200.000 Y=12600.000 Z=100.000) RuntimeGrid:None EditorOnly:false RuntimeOnly:false HLODRelevant:true ListedInSceneOutliner:true IsMainWorldOnly:false
 |   |   |- Guid:C82B61C1479F5D679A46CF938BD822BE NativeClass:/Script/Landscape.LandscapeStreamingProxy Name:LandscapeStreamingProxy_1TYSB2WJWX7FYS9ENBFJY6WLD_126_3_0_0 Label:LandscapeStreamingProxy_3_0_0 SpatiallyLoaded:true EditorBounds:IsValid=true, Min=(X=12600.000 Y=-25200.000 Z=-100.000), Max=(X=25200.000 Y=-12600.000 Z=100.000) RuntimeBounds:IsValid=true, Min=(X=12600.000 Y=-25200.000 Z=-100.000), Max=(X=25200.000 Y=-12600.000 Z=100.000) RuntimeGrid:None EditorOnly:false RuntimeOnly:false HLODRelevant:true ListedInSceneOutliner:true IsMainWorldOnly:false
 |   |   |- Guid:CC1087614D23E7E78745C0A15B6E428C NativeClass:/Script/Landscape.LandscapeStreamingProxy Name:LandscapeStreamingProxy_1TYSB2WJWX7FYS9ENBFJY6WLD_126_0_3_0 Label:LandscapeStreamingProxy_0_3_0 SpatiallyLoaded:true EditorBounds:IsValid=true, Min=(X=-25200.000 Y=12600.000 Z=-100.000), Max=(X=-12600.000 Y=25200.000 Z=100.000) RuntimeBounds:IsValid=true, Min=(X=-25200.000 Y=12600.000 Z=-100.000), Max=(X=-12600.000 Y=25200.000 Z=100.000) RuntimeGrid:None EditorOnly:false RuntimeOnly:false HLODRelevant:true ListedInSceneOutliner:true IsMainWorldOnly:false
 |   |   |- Guid:CCFF262C46EEFFDF319E7F9539CE697E NativeClass:/Script/Engine.SkyAtmosphere Name:SkyAtmosphere_0 Label:SkyAtmosphere SpatiallyLoaded:false EditorBounds:IsValid=true, Min=(X=0.000 Y=0.000 Z=1020.000), Max=(X=0.000 Y=0.000 Z=1020.000) RuntimeBounds:IsValid=true, Min=(X=0.000 Y=0.000 Z=1020.000), Max=(X=0.000 Y=0.000 Z=1020.000) RuntimeGrid:None EditorOnly:false RuntimeOnly:false HLODRelevant:false ListedInSceneOutliner:true IsMainWorldOnly:false FolderPath:Lighting FolderGuid:963EC3EB4002CCE9759E2EBA541A873A
 |   |   |- Guid:D14EB1E74898FF2FB193039B4AC868B8 NativeClass:/Script/Landscape.LandscapeStreamingProxy Name:LandscapeStreamingProxy_1TYSB2WJWX7FYS9ENBFJY6WLD_126_2_1_0 Label:LandscapeStreamingProxy_2_1_0 SpatiallyLoaded:true EditorBounds:IsValid=true, Min=(X=0.000 Y=-12600.000 Z=-100.000), Max=(X=12600.000 Y=0.000 Z=100.000) RuntimeBounds:IsValid=true, Min=(X=0.000 Y=-12600.000 Z=-100.000), Max=(X=12600.000 Y=0.000 Z=100.000) RuntimeGrid:None EditorOnly:false RuntimeOnly:false HLODRelevant:true ListedInSceneOutliner:true IsMainWorldOnly:false
 |   |   |- Guid:EC4E0C944CE6AC6E784BC6BB2916EA13 NativeClass:/Script/Engine.StaticMeshActor Name:StaticMeshActor_UAID_A4AE111137DC5EFB00_1110535423 Label:SM_SkySphere SpatiallyLoaded:false EditorBounds:IsValid=true, Min=(X=-1638400.000 Y=-1638400.000 Z=-1638400.000), Max=(X=1638400.000 Y=1638400.000 Z=1638400.000) RuntimeBounds:IsValid=true, Min=(X=-1638400.000 Y=-1638400.000 Z=-1638400.000), Max=(X=1638400.000 Y=1638400.000 Z=1638400.000) RuntimeGrid:None EditorOnly:false RuntimeOnly:false HLODRelevant:true ListedInSceneOutliner:true IsMainWorldOnly:false FolderPath:Lighting FolderGuid:963EC3EB4002CCE9759E2EBA541A873A
 |   |   |- Guid:EF368B6E45BCC0F4790EB191E7821D63 NativeClass:/Script/Landscape.LandscapeStreamingProxy Name:LandscapeStreamingProxy_1TYSB2WJWX7FYS9ENBFJY6WLD_126_3_3_0 Label:LandscapeStreamingProxy_3_3_0 SpatiallyLoaded:true EditorBounds:IsValid=true, Min=(X=12600.000 Y=12600.000 Z=-100.000), Max=(X=25200.000 Y=25200.000 Z=100.000) RuntimeBounds:IsValid=true, Min=(X=12600.000 Y=12600.000 Z=-100.000), Max=(X=25200.000 Y=25200.000 Z=100.000) RuntimeGrid:None EditorOnly:false RuntimeOnly:false HLODRelevant:true ListedInSceneOutliner:true IsMainWorldOnly:false
 |   |   |- Guid:F3BD366440738EA92D4988913EC8364A NativeClass:/Script/Landscape.LandscapeStreamingProxy Name:LandscapeStreamingProxy_1TYSB2WJWX7FYS9ENBFJY6WLD_126_2_0_0 Label:LandscapeStreamingProxy_2_0_0 SpatiallyLoaded:true EditorBounds:IsValid=true, Min=(X=0.000 Y=-25200.000 Z=-100.000), Max=(X=12600.000 Y=-12600.000 Z=100.000) RuntimeBounds:IsValid=true, Min=(X=0.000 Y=-25200.000 Z=-100.000), Max=(X=12600.000 Y=-12600.000 Z=100.000) RuntimeGrid:None EditorOnly:false RuntimeOnly:false HLODRelevant:true ListedInSceneOutliner:true IsMainWorldOnly:false
 |   |   |- Guid:F5E3FEB3450C49844FD93DA8E083C8AD NativeClass:/Script/Engine.PostProcessVolume Name:PostProcessVolume_0 Label:PostProcessVolume SpatiallyLoaded:false EditorBounds:IsValid=true, Min=(X=0.000 Y=0.000 Z=400.000), Max=(X=200.000 Y=200.000 Z=600.000) RuntimeBounds:IsValid=true, Min=(X=0.000 Y=0.000 Z=400.000), Max=(X=200.000 Y=200.000 Z=600.000) RuntimeGrid:None EditorOnly:false RuntimeOnly:false HLODRelevant:false ListedInSceneOutliner:true IsMainWorldOnly:false FolderPath:Lighting FolderGuid:963EC3EB4002CCE9759E2EBA541A873A
 |   |- [+] Clusters:
 |   |   |- [+] [  0]
 |   |   |   |- Guid:00652BBD4D52A5763F3C7DB899D6A4BE NativeClass:/Script/Landscape.LandscapeStreamingProxy Name:LandscapeStreamingProxy_1TYSB2WJWX7FYS9ENBFJY6WLD_126_2_3_0 Label:LandscapeStreamingProxy_2_3_0 SpatiallyLoaded:true EditorBounds:IsValid=true, Min=(X=0.000 Y=12600.000 Z=-100.000), Max=(X=12600.000 Y=25200.000 Z=100.000) RuntimeBounds:IsValid=true, Min=(X=0.000 Y=12600.000 Z=-100.000), Max=(X=12600.000 Y=25200.000 Z=100.000) RuntimeGrid:None EditorOnly:false RuntimeOnly:false HLODRelevant:true ListedInSceneOutliner:true IsMainWorldOnly:false
 |   |   |- [+] [  1]
 |   |   |   |- Guid:0F0C59104CE96860825E7CADD7471C4C NativeClass:/Script/Landscape.LandscapeStreamingProxy Name:LandscapeStreamingProxy_1TYSB2WJWX7FYS9ENBFJY6WLD_126_1_3_0 Label:LandscapeStreamingProxy_1_3_0 SpatiallyLoaded:true EditorBounds:IsValid=true, Min=(X=-12600.000 Y=12600.000 Z=-100.000), Max=(X=0.000 Y=25200.000 Z=100.000) RuntimeBounds:IsValid=true, Min=(X=-12600.000 Y=12600.000 Z=-100.000), Max=(X=0.000 Y=25200.000 Z=100.000) RuntimeGrid:None EditorOnly:false RuntimeOnly:false HLODRelevant:true ListedInSceneOutliner:true IsMainWorldOnly:false
 |   |   |- [+] [  2]
 |   |   |   |- Guid:2517318F4F86DFE668F20987418779A1 NativeClass:/Script/Landscape.LandscapeStreamingProxy Name:LandscapeStreamingProxy_1TYSB2WJWX7FYS9ENBFJY6WLD_126_0_1_0 Label:LandscapeStreamingProxy_0_1_0 SpatiallyLoaded:true EditorBounds:IsValid=true, Min=(X=-25200.000 Y=-12600.000 Z=-100.000), Max=(X=-12600.000 Y=0.000 Z=100.000) RuntimeBounds:IsValid=true, Min=(X=-25200.000 Y=-12600.000 Z=-100.000), Max=(X=-12600.000 Y=0.000 Z=100.000) RuntimeGrid:None EditorOnly:false RuntimeOnly:false HLODRelevant:true ListedInSceneOutliner:true IsMainWorldOnly:false
 |   |   |- [+] [  3]
 |   |   |   |- Guid:2FB58999456391D349DC0F86DAC136ED NativeClass:/Script/Engine.SkyLight Name:SkyLight_1 Label:SkyLight SpatiallyLoaded:false EditorBounds:IsValid=true, Min=(X=0.000 Y=0.000 Z=690.000), Max=(X=0.000 Y=0.000 Z=690.000) RuntimeBounds:IsValid=true, Min=(X=0.000 Y=0.000 Z=690.000), Max=(X=0.000 Y=0.000 Z=690.000) RuntimeGrid:None EditorOnly:false RuntimeOnly:false HLODRelevant:false ListedInSceneOutliner:true IsMainWorldOnly:false FolderPath:Lighting FolderGuid:963EC3EB4002CCE9759E2EBA541A873A
 |   |   |- [+] [  4]
 |   |   |   |- Guid:316CF2A6494ACA4C0E4180A87D36AB8F NativeClass:/Script/Engine.ExponentialHeightFog Name:ExponentialHeightFog_0 Label:ExponentialHeightFog SpatiallyLoaded:false EditorBounds:IsValid=true, Min=(X=-5600.000 Y=-50.000 Z=-6850.000), Max=(X=-5600.000 Y=-50.000 Z=-6850.000) RuntimeBounds:IsValid=true, Min=(X=-5600.000 Y=-50.000 Z=-6850.000), Max=(X=-5600.000 Y=-50.000 Z=-6850.000) RuntimeGrid:None EditorOnly:false RuntimeOnly:false HLODRelevant:false ListedInSceneOutliner:true IsMainWorldOnly:false FolderPath:Lighting FolderGuid:963EC3EB4002CCE9759E2EBA541A873A
 |   |   |- [+] [  5]
 |   |   |   |- Guid:3A00AA1C422CE54C0BDB60BAF471BFBB NativeClass:/Script/Engine.PlayerStart Name:PlayerStart_0 Label:PlayerStart SpatiallyLoaded:false EditorBounds:IsValid=true, Min=(X=860.000 Y=1070.000 Z=0.013), Max=(X=940.000 Y=1150.000 Z=184.013) RuntimeBounds:IsValid=true, Min=(X=860.000 Y=1070.000 Z=0.013), Max=(X=940.000 Y=1150.000 Z=184.013) RuntimeGrid:None EditorOnly:false RuntimeOnly:false HLODRelevant:false ListedInSceneOutliner:true IsMainWorldOnly:false
 |   |   |- [+] [  6]
 |   |   |   |- Guid:3F47F6534363C1AE95B71A8A11EDE987 NativeClass:/Script/Landscape.Landscape Name:Landscape_UAID_0250B15579CB676B02_1457304615 Label:Landscape SpatiallyLoaded:false EditorBounds:IsValid=true, Min=(X=-25200.000 Y=-25200.000 Z=0.000), Max=(X=-25200.000 Y=-25200.000 Z=0.000) RuntimeBounds:IsValid=true, Min=(X=-25200.000 Y=-25200.000 Z=0.000), Max=(X=-25200.000 Y=-25200.000 Z=0.000) RuntimeGrid:None EditorOnly:false RuntimeOnly:false HLODRelevant:false ListedInSceneOutliner:true IsMainWorldOnly:false
 |   |   |- [+] [  7]
 |   |   |   |- Guid:4D2E88924B8A7015B01D42A15DCA62CD NativeClass:/Script/Landscape.LandscapeStreamingProxy Name:LandscapeStreamingProxy_1TYSB2WJWX7FYS9ENBFJY6WLD_126_2_2_0 Label:LandscapeStreamingProxy_2_2_0 SpatiallyLoaded:true EditorBounds:IsValid=true, Min=(X=0.000 Y=0.000 Z=-100.000), Max=(X=12600.000 Y=12600.000 Z=100.000) RuntimeBounds:IsValid=true, Min=(X=0.000 Y=0.000 Z=-100.000), Max=(X=12600.000 Y=12600.000 Z=100.000) RuntimeGrid:None EditorOnly:false RuntimeOnly:false HLODRelevant:true ListedInSceneOutliner:true IsMainWorldOnly:false
 |   |   |- [+] [  8]
 |   |   |   |- Guid:4D3BE93F4146AAAC8BBE79999D96D57F NativeClass:/Script/Engine.VolumetricCloud Name:VolumetricCloud_0 Label:VolumetricCloud SpatiallyLoaded:false EditorBounds:IsValid=true, Min=(X=0.000 Y=0.000 Z=820.000), Max=(X=0.000 Y=0.000 Z=820.000) RuntimeBounds:IsValid=true, Min=(X=0.000 Y=0.000 Z=820.000), Max=(X=0.000 Y=0.000 Z=820.000) RuntimeGrid:None EditorOnly:false RuntimeOnly:false HLODRelevant:false ListedInSceneOutliner:true IsMainWorldOnly:false FolderPath:Lighting FolderGuid:963EC3EB4002CCE9759E2EBA541A873A
 |   |   |- [+] [  9]
 |   |   |   |- Guid:649F502741BD9F8C86D22C91BDACB21D NativeClass:/Script/Landscape.LandscapeStreamingProxy Name:LandscapeStreamingProxy_1TYSB2WJWX7FYS9ENBFJY6WLD_126_1_1_0 Label:LandscapeStreamingProxy_1_1_0 SpatiallyLoaded:true EditorBounds:IsValid=true, Min=(X=-12600.000 Y=-12600.000 Z=-100.000), Max=(X=0.000 Y=0.000 Z=100.000) RuntimeBounds:IsValid=true, Min=(X=-12600.000 Y=-12600.000 Z=-100.000), Max=(X=0.000 Y=0.000 Z=100.000) RuntimeGrid:None EditorOnly:false RuntimeOnly:false HLODRelevant:true ListedInSceneOutliner:true IsMainWorldOnly:false
 |   |   |- [+] [ 10]
 |   |   |   |- Guid:6BAF4DDD444C60371492D3919DB42C97 NativeClass:/Script/Engine.WorldDataLayers Name:WorldDataLayers Label:WorldDataLayers SpatiallyLoaded:false EditorBounds:IsValid=true, Min=(X=0.000 Y=0.000 Z=0.000), Max=(X=0.000 Y=0.000 Z=0.000) RuntimeBounds:IsValid=true, Min=(X=0.000 Y=0.000 Z=0.000), Max=(X=0.000 Y=0.000 Z=0.000) RuntimeGrid:None EditorOnly:false RuntimeOnly:false HLODRelevant:false ListedInSceneOutliner:true IsMainWorldOnly:true
 |   |   |- [+] [ 11]
 |   |   |   |- Guid:8BC70A2B46B81D09520BFB8D5FD40931 NativeClass:/Script/Landscape.LandscapeStreamingProxy Name:LandscapeStreamingProxy_1TYSB2WJWX7FYS9ENBFJY6WLD_126_1_2_0 Label:LandscapeStreamingProxy_1_2_0 SpatiallyLoaded:true EditorBounds:IsValid=true, Min=(X=-12600.000 Y=0.000 Z=-100.000), Max=(X=0.000 Y=12600.000 Z=100.000) RuntimeBounds:IsValid=true, Min=(X=-12600.000 Y=0.000 Z=-100.000), Max=(X=0.000 Y=12600.000 Z=100.000) RuntimeGrid:None EditorOnly:false RuntimeOnly:false HLODRelevant:true ListedInSceneOutliner:true IsMainWorldOnly:false
 |   |   |- [+] [ 12]
 |   |   |   |- Guid:8C8661B74449BE8BD4F6F7BF95BF5668 NativeClass:/Script/Landscape.LandscapeStreamingProxy Name:LandscapeStreamingProxy_1TYSB2WJWX7FYS9ENBFJY6WLD_126_3_1_0 Label:LandscapeStreamingProxy_3_1_0 SpatiallyLoaded:true EditorBounds:IsValid=true, Min=(X=12600.000 Y=-12600.000 Z=-100.000), Max=(X=25200.000 Y=0.000 Z=100.000) RuntimeBounds:IsValid=true, Min=(X=12600.000 Y=-12600.000 Z=-100.000), Max=(X=25200.000 Y=0.000 Z=100.000) RuntimeGrid:None EditorOnly:false RuntimeOnly:false HLODRelevant:true ListedInSceneOutliner:true IsMainWorldOnly:false
 |   |   |- [+] [ 13]
 |   |   |   |- Guid:928CDD0B4D9F94EF27FBD4AAF7D8E1F6 NativeClass:/Script/Landscape.LandscapeStreamingProxy Name:LandscapeStreamingProxy_1TYSB2WJWX7FYS9ENBFJY6WLD_126_1_0_0 Label:LandscapeStreamingProxy_1_0_0 SpatiallyLoaded:true EditorBounds:IsValid=true, Min=(X=-12600.000 Y=-25200.000 Z=-100.000), Max=(X=0.000 Y=-12600.000 Z=100.000) RuntimeBounds:IsValid=true, Min=(X=-12600.000 Y=-25200.000 Z=-100.000), Max=(X=0.000 Y=-12600.000 Z=100.000) RuntimeGrid:None EditorOnly:false RuntimeOnly:false HLODRelevant:true ListedInSceneOutliner:true IsMainWorldOnly:false
 |   |   |- [+] [ 14]
 |   |   |   |- Guid:9D8C04F143D812BF9CAB6EA32F1CD02A NativeClass:/Script/Landscape.LandscapeStreamingProxy Name:LandscapeStreamingProxy_1TYSB2WJWX7FYS9ENBFJY6WLD_126_0_0_0 Label:LandscapeStreamingProxy_0_0_0 SpatiallyLoaded:true EditorBounds:IsValid=true, Min=(X=-25200.000 Y=-25200.000 Z=-100.000), Max=(X=-12600.000 Y=-12600.000 Z=100.000) RuntimeBounds:IsValid=true, Min=(X=-25200.000 Y=-25200.000 Z=-100.000), Max=(X=-12600.000 Y=-12600.000 Z=100.000) RuntimeGrid:None EditorOnly:false RuntimeOnly:false HLODRelevant:true ListedInSceneOutliner:true IsMainWorldOnly:false
 |   |   |- [+] [ 15]
 |   |   |   |- Guid:B3A402644B94B44A2C1C66ABFB8B0505 NativeClass:/Script/Landscape.LandscapeStreamingProxy Name:LandscapeStreamingProxy_1TYSB2WJWX7FYS9ENBFJY6WLD_126_0_2_0 Label:LandscapeStreamingProxy_0_2_0 SpatiallyLoaded:true EditorBounds:IsValid=true, Min=(X=-25200.000 Y=0.000 Z=-100.000), Max=(X=-12600.000 Y=12600.000 Z=100.000) RuntimeBounds:IsValid=true, Min=(X=-25200.000 Y=0.000 Z=-100.000), Max=(X=-12600.000 Y=12600.000 Z=100.000) RuntimeGrid:None EditorOnly:false RuntimeOnly:false HLODRelevant:true ListedInSceneOutliner:true IsMainWorldOnly:false
 |   |   |- [+] [ 16]
 |   |   |   |- Guid:B785ED2844B84CFB91E7F39FE661CD99 NativeClass:/Script/Engine.DirectionalLight Name:DirectionalLight_0 Label:DirectionalLight SpatiallyLoaded:false EditorBounds:IsValid=true, Min=(X=-1048576.000 Y=-1048576.000 Z=-1048576.000), Max=(X=1048576.000 Y=1048576.000 Z=1048576.000) RuntimeBounds:IsValid=true, Min=(X=-1048576.000 Y=-1048576.000 Z=-1048576.000), Max=(X=1048576.000 Y=1048576.000 Z=1048576.000) RuntimeGrid:None EditorOnly:false RuntimeOnly:false HLODRelevant:false ListedInSceneOutliner:true IsMainWorldOnly:false FolderPath:Lighting FolderGuid:963EC3EB4002CCE9759E2EBA541A873A
 |   |   |- [+] [ 17]
 |   |   |   |- Guid:BF7BFDC54499442DF689969F124D086C NativeClass:/Script/Landscape.LandscapeStreamingProxy Name:LandscapeStreamingProxy_1TYSB2WJWX7FYS9ENBFJY6WLD_126_3_2_0 Label:LandscapeStreamingProxy_3_2_0 SpatiallyLoaded:true EditorBounds:IsValid=true, Min=(X=12600.000 Y=0.000 Z=-100.000), Max=(X=25200.000 Y=12600.000 Z=100.000) RuntimeBounds:IsValid=true, Min=(X=12600.000 Y=0.000 Z=-100.000), Max=(X=25200.000 Y=12600.000 Z=100.000) RuntimeGrid:None EditorOnly:false RuntimeOnly:false HLODRelevant:true ListedInSceneOutliner:true IsMainWorldOnly:false
 |   |   |- [+] [ 18]
 |   |   |   |- Guid:C82B61C1479F5D679A46CF938BD822BE NativeClass:/Script/Landscape.LandscapeStreamingProxy Name:LandscapeStreamingProxy_1TYSB2WJWX7FYS9ENBFJY6WLD_126_3_0_0 Label:LandscapeStreamingProxy_3_0_0 SpatiallyLoaded:true EditorBounds:IsValid=true, Min=(X=12600.000 Y=-25200.000 Z=-100.000), Max=(X=25200.000 Y=-12600.000 Z=100.000) RuntimeBounds:IsValid=true, Min=(X=12600.000 Y=-25200.000 Z=-100.000), Max=(X=25200.000 Y=-12600.000 Z=100.000) RuntimeGrid:None EditorOnly:false RuntimeOnly:false HLODRelevant:true ListedInSceneOutliner:true IsMainWorldOnly:false
 |   |   |- [+] [ 19]
 |   |   |   |- Guid:CC1087614D23E7E78745C0A15B6E428C NativeClass:/Script/Landscape.LandscapeStreamingProxy Name:LandscapeStreamingProxy_1TYSB2WJWX7FYS9ENBFJY6WLD_126_0_3_0 Label:LandscapeStreamingProxy_0_3_0 SpatiallyLoaded:true EditorBounds:IsValid=true, Min=(X=-25200.000 Y=12600.000 Z=-100.000), Max=(X=-12600.000 Y=25200.000 Z=100.000) RuntimeBounds:IsValid=true, Min=(X=-25200.000 Y=12600.000 Z=-100.000), Max=(X=-12600.000 Y=25200.000 Z=100.000) RuntimeGrid:None EditorOnly:false RuntimeOnly:false HLODRelevant:true ListedInSceneOutliner:true IsMainWorldOnly:false
 |   |   |- [+] [ 20]
 |   |   |   |- Guid:CCFF262C46EEFFDF319E7F9539CE697E NativeClass:/Script/Engine.SkyAtmosphere Name:SkyAtmosphere_0 Label:SkyAtmosphere SpatiallyLoaded:false EditorBounds:IsValid=true, Min=(X=0.000 Y=0.000 Z=1020.000), Max=(X=0.000 Y=0.000 Z=1020.000) RuntimeBounds:IsValid=true, Min=(X=0.000 Y=0.000 Z=1020.000), Max=(X=0.000 Y=0.000 Z=1020.000) RuntimeGrid:None EditorOnly:false RuntimeOnly:false HLODRelevant:false ListedInSceneOutliner:true IsMainWorldOnly:false FolderPath:Lighting FolderGuid:963EC3EB4002CCE9759E2EBA541A873A
 |   |   |- [+] [ 21]
 |   |   |   |- Guid:D14EB1E74898FF2FB193039B4AC868B8 NativeClass:/Script/Landscape.LandscapeStreamingProxy Name:LandscapeStreamingProxy_1TYSB2WJWX7FYS9ENBFJY6WLD_126_2_1_0 Label:LandscapeStreamingProxy_2_1_0 SpatiallyLoaded:true EditorBounds:IsValid=true, Min=(X=0.000 Y=-12600.000 Z=-100.000), Max=(X=12600.000 Y=0.000 Z=100.000) RuntimeBounds:IsValid=true, Min=(X=0.000 Y=-12600.000 Z=-100.000), Max=(X=12600.000 Y=0.000 Z=100.000) RuntimeGrid:None EditorOnly:false RuntimeOnly:false HLODRelevant:true ListedInSceneOutliner:true IsMainWorldOnly:false
 |   |   |- [+] [ 22]
 |   |   |   |- Guid:EC4E0C944CE6AC6E784BC6BB2916EA13 NativeClass:/Script/Engine.StaticMeshActor Name:StaticMeshActor_UAID_A4AE111137DC5EFB00_1110535423 Label:SM_SkySphere SpatiallyLoaded:false EditorBounds:IsValid=true, Min=(X=-1638400.000 Y=-1638400.000 Z=-1638400.000), Max=(X=1638400.000 Y=1638400.000 Z=1638400.000) RuntimeBounds:IsValid=true, Min=(X=-1638400.000 Y=-1638400.000 Z=-1638400.000), Max=(X=1638400.000 Y=1638400.000 Z=1638400.000) RuntimeGrid:None EditorOnly:false RuntimeOnly:false HLODRelevant:true ListedInSceneOutliner:true IsMainWorldOnly:false FolderPath:Lighting FolderGuid:963EC3EB4002CCE9759E2EBA541A873A
 |   |   |- [+] [ 23]
 |   |   |   |- Guid:EF368B6E45BCC0F4790EB191E7821D63 NativeClass:/Script/Landscape.LandscapeStreamingProxy Name:LandscapeStreamingProxy_1TYSB2WJWX7FYS9ENBFJY6WLD_126_3_3_0 Label:LandscapeStreamingProxy_3_3_0 SpatiallyLoaded:true EditorBounds:IsValid=true, Min=(X=12600.000 Y=12600.000 Z=-100.000), Max=(X=25200.000 Y=25200.000 Z=100.000) RuntimeBounds:IsValid=true, Min=(X=12600.000 Y=12600.000 Z=-100.000), Max=(X=25200.000 Y=25200.000 Z=100.000) RuntimeGrid:None EditorOnly:false RuntimeOnly:false HLODRelevant:true ListedInSceneOutliner:true IsMainWorldOnly:false
 |   |   |- [+] [ 24]
 |   |   |   |- Guid:F3BD366440738EA92D4988913EC8364A NativeClass:/Script/Landscape.LandscapeStreamingProxy Name:LandscapeStreamingProxy_1TYSB2WJWX7FYS9ENBFJY6WLD_126_2_0_0 Label:LandscapeStreamingProxy_2_0_0 SpatiallyLoaded:true EditorBounds:IsValid=true, Min=(X=0.000 Y=-25200.000 Z=-100.000), Max=(X=12600.000 Y=-12600.000 Z=100.000) RuntimeBounds:IsValid=true, Min=(X=0.000 Y=-25200.000 Z=-100.000), Max=(X=12600.000 Y=-12600.000 Z=100.000) RuntimeGrid:None EditorOnly:false RuntimeOnly:false HLODRelevant:true ListedInSceneOutliner:true IsMainWorldOnly:false
 |   |   |- [+] [ 25]
 |   |   |   |- Guid:F5E3FEB3450C49844FD93DA8E083C8AD NativeClass:/Script/Engine.PostProcessVolume Name:PostProcessVolume_0 Label:PostProcessVolume SpatiallyLoaded:false EditorBounds:IsValid=true, Min=(X=0.000 Y=0.000 Z=400.000), Max=(X=200.000 Y=200.000 Z=600.000) RuntimeBounds:IsValid=true, Min=(X=0.000 Y=0.000 Z=400.000), Max=(X=200.000 Y=200.000 Z=600.000) RuntimeGrid:None EditorOnly:false RuntimeOnly:false HLODRelevant:false ListedInSceneOutliner:true IsMainWorldOnly:false FolderPath:Lighting FolderGuid:963EC3EB4002CCE9759E2EBA541A873A
 |- ContainerInstances:
 |- [+] MainContainer:
 |   |-        ID: 00000000000000000000000000000000
 |   |-  ParentID: 00000000000000000000000000000000
 |   |-    Bounds: IsValid=false, Min=(X=0.000 Y=0.000 Z=0.000), Max=(X=0.000 Y=0.000 Z=0.000)
 |   |- Transform: 0.000000,0.000000,0.000000|0.000000,0.000000,-0.000000|1.000000,1.000000,1.000000
 |   |- Container: /Game/ThirdPerson/Maps/ThirdPersonMap
----------------------------------------------------------------------------------------------------------------
ThirdPersonMap - Persistent Level
----------------------------------------------------------------------------------------------------------------
[+] Content of ThirdPersonMap Persistent Level
 |- Always loaded Actor Count: 26 
 |- Actor Path: /Game/ThirdPerson/Maps/ThirdPersonMap.ThirdPersonMap:PersistentLevel.DirectionalLight_0
 |- Actor Package: /Game/__ExternalActors__/ThirdPerson/Maps/ThirdPersonMap/5/R1/TS5OQ5CRUWFZYL1ZQ7I416
 |- Actor Path: /Game/ThirdPerson/Maps/ThirdPersonMap.ThirdPersonMap:PersistentLevel.ExponentialHeightFog_0
 |- Actor Package: /Game/__ExternalActors__/ThirdPerson/Maps/ThirdPersonMap/6/J7/N10XDC9G27EMLS5AGZ6AVV
 |- Actor Path: /Game/ThirdPerson/Maps/ThirdPersonMap.ThirdPersonMap:PersistentLevel.Landscape_UAID_0250B15579CB676B02_1457304615
 |- Actor Package: /Game/__ExternalActors__/ThirdPerson/Maps/ThirdPersonMap/9/NK/CR6GV852RKEPJT2JFICAAG
 |- Actor Path: /Game/ThirdPerson/Maps/ThirdPersonMap.ThirdPersonMap:PersistentLevel.LandscapeStreamingProxy_1TYSB2WJWX7FYS9ENBFJY6WLD_126_0_0_0
 |- Actor Package: /Game/__ExternalActors__/ThirdPerson/Maps/ThirdPersonMap/D/FN/Y7ITFQA6YHV0XIE3GZNZM7
 |- Actor Path: /Game/ThirdPerson/Maps/ThirdPersonMap.ThirdPersonMap:PersistentLevel.LandscapeStreamingProxy_1TYSB2WJWX7FYS9ENBFJY6WLD_126_0_1_0
 |- Actor Package: /Game/__ExternalActors__/ThirdPerson/Maps/ThirdPersonMap/8/A7/TS4EK1QICHUFW2L4QBX0J5
 |- Actor Path: /Game/ThirdPerson/Maps/ThirdPersonMap.ThirdPersonMap:PersistentLevel.LandscapeStreamingProxy_1TYSB2WJWX7FYS9ENBFJY6WLD_126_0_2_0
 |- Actor Package: /Game/__ExternalActors__/ThirdPerson/Maps/ThirdPersonMap/6/ZT/GZWOAQB4T88UTRXIHD6LN0
 |- Actor Path: /Game/ThirdPerson/Maps/ThirdPersonMap.ThirdPersonMap:PersistentLevel.LandscapeStreamingProxy_1TYSB2WJWX7FYS9ENBFJY6WLD_126_0_3_0
 |- Actor Package: /Game/__ExternalActors__/ThirdPerson/Maps/ThirdPersonMap/0/IM/99MWWZ6PP2AYIT7UBUHBMG
 |- Actor Path: /Game/ThirdPerson/Maps/ThirdPersonMap.ThirdPersonMap:PersistentLevel.LandscapeStreamingProxy_1TYSB2WJWX7FYS9ENBFJY6WLD_126_1_0_0
 |- Actor Package: /Game/__ExternalActors__/ThirdPerson/Maps/ThirdPersonMap/4/N8/U8CGV4VSX4ZJB5W1HDQHRX
 |- Actor Path: /Game/ThirdPerson/Maps/ThirdPersonMap.ThirdPersonMap:PersistentLevel.LandscapeStreamingProxy_1TYSB2WJWX7FYS9ENBFJY6WLD_126_1_1_0
 |- Actor Package: /Game/__ExternalActors__/ThirdPerson/Maps/ThirdPersonMap/0/6B/E1YBHCVYDSNJA918RVDOOR
 |- Actor Path: /Game/ThirdPerson/Maps/ThirdPersonMap.ThirdPersonMap:PersistentLevel.LandscapeStreamingProxy_1TYSB2WJWX7FYS9ENBFJY6WLD_126_1_2_0
 |- Actor Package: /Game/__ExternalActors__/ThirdPerson/Maps/ThirdPersonMap/D/BE/HW0YGD8LGHRN5WRUX45ZO4
 |- Actor Path: /Game/ThirdPerson/Maps/ThirdPersonMap.ThirdPersonMap:PersistentLevel.LandscapeStreamingProxy_1TYSB2WJWX7FYS9ENBFJY6WLD_126_1_3_0
 |- Actor Package: /Game/__ExternalActors__/ThirdPerson/Maps/ThirdPersonMap/D/6N/954S2NKDV1HNRNTO6PWAFF
 |- Actor Path: /Game/ThirdPerson/Maps/ThirdPersonMap.ThirdPersonMap:PersistentLevel.LandscapeStreamingProxy_1TYSB2WJWX7FYS9ENBFJY6WLD_126_2_0_0
 |- Actor Package: /Game/__ExternalActors__/ThirdPerson/Maps/ThirdPersonMap/8/WG/R51ZSH4DG3YJA21VJY84XO
 |- Actor Path: /Game/ThirdPerson/Maps/ThirdPersonMap.ThirdPersonMap:PersistentLevel.LandscapeStreamingProxy_1TYSB2WJWX7FYS9ENBFJY6WLD_126_2_1_0
 |- Actor Package: /Game/__ExternalActors__/ThirdPerson/Maps/ThirdPersonMap/C/F4/JA7LFORWZE7BXP358CWJJF
 |- Actor Path: /Game/ThirdPerson/Maps/ThirdPersonMap.ThirdPersonMap:PersistentLevel.LandscapeStreamingProxy_1TYSB2WJWX7FYS9ENBFJY6WLD_126_2_2_0
 |- Actor Package: /Game/__ExternalActors__/ThirdPerson/Maps/ThirdPersonMap/1/1H/YTWG5EGLTZ0X2Z3LFB1FQM
 |- Actor Path: /Game/ThirdPerson/Maps/ThirdPersonMap.ThirdPersonMap:PersistentLevel.LandscapeStreamingProxy_1TYSB2WJWX7FYS9ENBFJY6WLD_126_2_3_0
 |- Actor Package: /Game/__ExternalActors__/ThirdPerson/Maps/ThirdPersonMap/8/8J/HY71GI06C933O8F9O3LP4A
 |- Actor Path: /Game/ThirdPerson/Maps/ThirdPersonMap.ThirdPersonMap:PersistentLevel.LandscapeStreamingProxy_1TYSB2WJWX7FYS9ENBFJY6WLD_126_3_0_0
 |- Actor Package: /Game/__ExternalActors__/ThirdPerson/Maps/ThirdPersonMap/E/I3/QJ8KX52P6MYYUXF7J55X3L
 |- Actor Path: /Game/ThirdPerson/Maps/ThirdPersonMap.ThirdPersonMap:PersistentLevel.LandscapeStreamingProxy_1TYSB2WJWX7FYS9ENBFJY6WLD_126_3_1_0
 |- Actor Package: /Game/__ExternalActors__/ThirdPerson/Maps/ThirdPersonMap/0/S0/LT39KYVZTDIOWREOHZEUHJ
 |- Actor Path: /Game/ThirdPerson/Maps/ThirdPersonMap.ThirdPersonMap:PersistentLevel.LandscapeStreamingProxy_1TYSB2WJWX7FYS9ENBFJY6WLD_126_3_2_0
 |- Actor Package: /Game/__ExternalActors__/ThirdPerson/Maps/ThirdPersonMap/2/24/70ZFB4VJUGR89LYJZPWRVV
 |- Actor Path: /Game/ThirdPerson/Maps/ThirdPersonMap.ThirdPersonMap:PersistentLevel.LandscapeStreamingProxy_1TYSB2WJWX7FYS9ENBFJY6WLD_126_3_3_0
 |- Actor Package: /Game/__ExternalActors__/ThirdPerson/Maps/ThirdPersonMap/6/UU/MD14HFYPAFLIW5IL5UELHB
 |- Actor Path: /Game/ThirdPerson/Maps/ThirdPersonMap.ThirdPersonMap:PersistentLevel.PlayerStart_0
 |- Actor Package: /Game/__ExternalActors__/ThirdPerson/Maps/ThirdPersonMap/D/DE/SWSI13675DVYIZ0N4NF7Y3
 |- Actor Path: /Game/ThirdPerson/Maps/ThirdPersonMap.ThirdPersonMap:PersistentLevel.PostProcessVolume_0
 |- Actor Package: /Game/__ExternalActors__/ThirdPerson/Maps/ThirdPersonMap/1/AZ/A7GPT109Y6ZTTJD4A7TXER
 |- Actor Path: /Game/ThirdPerson/Maps/ThirdPersonMap.ThirdPersonMap:PersistentLevel.SkyAtmosphere_0
 |- Actor Package: /Game/__ExternalActors__/ThirdPerson/Maps/ThirdPersonMap/4/LN/30UBDLYFFA5ZR7U4W4L4GG
 |- Actor Path: /Game/ThirdPerson/Maps/ThirdPersonMap.ThirdPersonMap:PersistentLevel.SkyLight_1
 |- Actor Package: /Game/__ExternalActors__/ThirdPerson/Maps/ThirdPersonMap/8/S1/DXUWD12MD3HRWVVXX076BY
 |- Actor Path: /Game/ThirdPerson/Maps/ThirdPersonMap.ThirdPersonMap:PersistentLevel.StaticMeshActor_UAID_A4AE111137DC5EFB00_1110535423
 |- Actor Package: /Game/__ExternalActors__/ThirdPerson/Maps/ThirdPersonMap/4/PN/2QISIGK5DJNQ05US8O8FXW
 |- Actor Path: /Game/ThirdPerson/Maps/ThirdPersonMap.ThirdPersonMap:PersistentLevel.VolumetricCloud_0
 |- Actor Package: /Game/__ExternalActors__/ThirdPerson/Maps/ThirdPersonMap/3/EY/87SHEJN5UBEAN2K5OV1G6R
 |- Actor Path: /Game/ThirdPerson/Maps/ThirdPersonMap.ThirdPersonMap:PersistentLevel.WorldDataLayers
 |- Actor Package: /Game/__ExternalActors__/ThirdPerson/Maps/ThirdPersonMap/0/43/HYQWORMY4JDQ5X3OKZXFLC

----------------------------------------------------------------------------------------------------------------
ThirdPersonMap - Runtime Hash Set
----------------------------------------------------------------------------------------------------------------

